<?xml version="1.0" encoding="UTF-8"?>
<!-- Generated by org.testng.reporters.JUnitXMLReporter -->
<testsuite ignored="3" hostname="DESKTOP-LCK0IPK" failures="0" tests="1" name="Test" time="0.1" errors="0" timestamp="2022-08-17T13:54:20 IST">
  <testcase classname="Testing.Test_Reg" name="Reg" time="0.02"/>
  <testcase classname="Testing.Test_Reg" name="CR" time="0.0">
    <ignored/>
  </testcase> <!-- CR -->
  <testcase classname="Testing.Test_Reg" name="San1" time="0.0">
    <ignored/>
  </testcase> <!-- San1 -->
  <testcase classname="Testing.Test_Reg" name="san" time="0.0">
    <ignored/>
  </testcase> <!-- san -->
</testsuite> <!-- Test -->
