<?xml version="1.0" encoding="UTF-8"?>
<!-- Generated by org.testng.reporters.JUnitXMLReporter -->
<testsuite ignored="0" hostname="DESKTOP-LCK0IPK" failures="0" tests="4" name="Default test" time="0.162" errors="0" timestamp="2022-08-17T13:47:03 IST">
  <testcase classname="Testing.Test_Reg" name="CR" time="0.024"/>
  <testcase classname="Testing.Test_Reg" name="Reg" time="0.016"/>
  <testcase classname="Testing.Test_Reg" name="San1" time="0.002"/>
  <testcase classname="Testing.Test_Reg" name="san" time="0.003"/>
</testsuite> <!-- Default test -->
