<?xml version="1.0" encoding="UTF-8"?>
<!-- Generated by org.testng.reporters.JUnitXMLReporter -->
<testsuite ignored="0" hostname="DESKTOP-LCK0IPK" failures="0" tests="5" name="Test" time="54.985" errors="0" timestamp="2022-08-14T07:36:09 IST">
  <testcase classname="Testng_Program.Test_2" name="Test_1" time="0.048"/>
  <testcase classname="Testng_Program.Test_2" name="Test_2" time="0.003"/>
  <testcase classname="Testng_Program.Test_2" name="Test_3" time="0.002"/>
  <testcase classname="Testng_Program.Test_2" name="Test_4" time="0.003"/>
  <testcase classname="Testng_Program.Test_2" name="Test_5" time="0.003"/>
</testsuite> <!-- Test -->
